# JRE version: OpenJDK Runtime Environment Zulu15.46+17-CA (15.0.10+5) (build 15.0.10+5-MTS)
# Java VM: OpenJDK 64-Bit Server VM Zulu15.46+17-CA (15.0.10+5-MTS, mixed mode, sharing, tiered, compressed oops, g1 gc, windows-amd64)
GC Precious Log:
 CPUs: 4 total, 4 available
 Memory: 6023M
 Large Page Support: Disabled
 NUMA Support: Disabled
 Compressed Oops: Enabled (32-bit)
 Heap Region Size: 1M
 Heap Min Capacity: 8M
 Heap Initial Capacity: 96M
 Heap Max Capacity: 1506M
 Pre-touch: Disabled
 Parallel Workers: 4
 Concurrent Workers: 1
 Concurrent Refinement Workers: 4
 Periodic GC: Disabled
Heap:
 garbage-first heap   total 171008K, used 100935K [0x00000000a1e00000, 0x0000000100000000)
  region size 1024K, 8 young (8192K), 5 survivors (5120K)
 Metaspace       used 80007K, capacity 80430K, committed 80688K, reserved 1122304K
  class space    used 8547K, capacity 8726K, committed 8832K, reserved 1048576K
GC Heap History (20 events):
Event: 13.680 GC heap before
{Heap before GC invocations=19 (full 0):
 garbage-first heap   total 115712K, used 89088K [0x00000000a1e00000, 0x0000000100000000)
  region size 1024K, 36 young (36864K), 5 survivors (5120K)
 Metaspace       used 52044K, capacity 52451K, committed 52528K, reserved 1095680K
  class space    used 5882K, capacity 6009K, committed 6016K, reserved 1048576K
}
Event: 13.702 GC heap after
{Heap after GC invocations=20 (full 0):
 garbage-first heap   total 115712K, used 61065K [0x00000000a1e00000, 0x0000000100000000)
  region size 1024K, 4 young (4096K), 4 survivors (4096K)
 Metaspace       used 52044K, capacity 52451K, committed 52528K, reserved 1095680K
  class space    used 5882K, capacity 6009K, committed 6016K, reserved 1048576K
}
Event: 14.351 GC heap before
{Heap before GC invocations=21 (full 0):
 garbage-first heap   total 130048K, used 89737K [0x00000000a1e00000, 0x0000000100000000)
  region size 1024K, 32 young (32768K), 4 survivors (4096K)
 Metaspace       used 55356K, capacity 55693K, committed 55984K, reserved 1099776K
  class space    used 6407K, capacity 6529K, committed 6656K, reserved 1048576K
}
Event: 14.366 GC heap after
{Heap after GC invocations=22 (full 0):
 garbage-first heap   total 130048K, used 61873K [0x00000000a1e00000, 0x0000000100000000)
  region size 1024K, 1 young (1024K), 1 survivors (1024K)
 Metaspace       used 55356K, capacity 55693K, committed 55984K, reserved 1099776K
  class space    used 6407K, capacity 6529K, committed 6656K, reserved 1048576K
}
Event: 16.575 GC heap before
{Heap before GC invocations=22 (full 0):
 garbage-first heap   total 130048K, used 101809K [0x00000000a1e00000, 0x0000000100000000)
  region size 1024K, 40 young (40960K), 1 survivors (1024K)
 Metaspace       used 58543K, capacity 58914K, committed 59184K, reserved 1101824K
  class space    used 6637K, capacity 6766K, committed 6784K, reserved 1048576K
}
Event: 16.587 GC heap after
{Heap after GC invocations=23 (full 0):
 garbage-first heap   total 156672K, used 65275K [0x00000000a1e00000, 0x0000000100000000)
  region size 1024K, 5 young (5120K), 5 survivors (5120K)
 Metaspace       used 58543K, capacity 58914K, committed 59184K, reserved 1101824K
  class space    used 6637K, capacity 6766K, committed 6784K, reserved 1048576K
}
Event: 20.351 GC heap before
{Heap before GC invocations=24 (full 0):
 garbage-first heap   total 156672K, used 120571K [0x00000000a1e00000, 0x0000000100000000)
  region size 1024K, 59 young (60416K), 5 survivors (5120K)
 Metaspace       used 61808K, capacity 62207K, committed 62256K, reserved 1103872K
  class space    used 6904K, capacity 7027K, committed 7040K, reserved 1048576K
}
Event: 20.372 GC heap after
{Heap after GC invocations=25 (full 0):
 garbage-first heap   total 156672K, used 72008K [0x00000000a1e00000, 0x0000000100000000)
  region size 1024K, 8 young (8192K), 8 survivors (8192K)
 Metaspace       used 61808K, capacity 62207K, committed 62256K, reserved 1103872K
  class space    used 6904K, capacity 7027K, committed 7040K, reserved 1048576K
}
Event: 23.565 GC heap before
{Heap before GC invocations=25 (full 0):
 garbage-first heap   total 156672K, used 123208K [0x00000000a1e00000, 0x0000000100000000)
  region size 1024K, 57 young (58368K), 8 survivors (8192K)
 Metaspace       used 62582K, capacity 62970K, committed 63152K, reserved 1105920K
  class space    used 6937K, capacity 7065K, committed 7168K, reserved 1048576K
}
Event: 23.592 GC heap after
{Heap after GC invocations=26 (full 0):
 garbage-first heap   total 156672K, used 79300K [0x00000000a1e00000, 0x0000000100000000)
  region size 1024K, 7 young (7168K), 7 survivors (7168K)
 Metaspace       used 62582K, capacity 62970K, committed 63152K, reserved 1105920K
  class space    used 6937K, capacity 7065K, committed 7168K, reserved 1048576K
}
Event: 23.636 GC heap before
{Heap before GC invocations=26 (full 0):
 garbage-first heap   total 156672K, used 79300K [0x00000000a1e00000, 0x0000000100000000)
  region size 1024K, 8 young (8192K), 7 survivors (7168K)
 Metaspace       used 62586K, capacity 62976K, committed 63152K, reserved 1105920K
  class space    used 6937K, capacity 7066K, committed 7168K, reserved 1048576K
}
Event: 23.647 GC heap after
{Heap after GC invocations=27 (full 0):
 garbage-first heap   total 156672K, used 79724K [0x00000000a1e00000, 0x0000000100000000)
  region size 1024K, 1 young (1024K), 1 survivors (1024K)
 Metaspace       used 62586K, capacity 62976K, committed 63152K, reserved 1105920K
  class space    used 6937K, capacity 7066K, committed 7168K, reserved 1048576K
}
Event: 27.026 GC heap before
{Heap before GC invocations=28 (full 0):
 garbage-first heap   total 156672K, used 128876K [0x00000000a1e00000, 0x0000000100000000)
  region size 1024K, 47 young (48128K), 1 survivors (1024K)
 Metaspace       used 68029K, capacity 68484K, committed 68784K, reserved 1110016K
  class space    used 7412K, capacity 7562K, committed 7680K, reserved 1048576K
}
Event: 27.035 GC heap after
{Heap after GC invocations=29 (full 0):
 garbage-first heap   total 156672K, used 83777K [0x00000000a1e00000, 0x0000000100000000)
  region size 1024K, 3 young (3072K), 3 survivors (3072K)
 Metaspace       used 68029K, capacity 68484K, committed 68784K, reserved 1110016K
  class space    used 7412K, capacity 7562K, committed 7680K, reserved 1048576K
}
Event: 29.141 GC heap before
{Heap before GC invocations=29 (full 0):
 garbage-first heap   total 156672K, used 127809K [0x00000000a1e00000, 0x0000000100000000)
  region size 1024K, 46 young (47104K), 3 survivors (3072K)
 Metaspace       used 69694K, capacity 70158K, committed 70448K, reserved 1112064K
  class space    used 7562K, capacity 7734K, committed 7808K, reserved 1048576K
}
Event: 29.167 GC heap after
{Heap after GC invocations=30 (full 0):
 garbage-first heap   total 156672K, used 91766K [0x00000000a1e00000, 0x0000000100000000)
  region size 1024K, 6 young (6144K), 6 survivors (6144K)
 Metaspace       used 69694K, capacity 70158K, committed 70448K, reserved 1112064K
  class space    used 7562K, capacity 7734K, committed 7808K, reserved 1048576K
}
Event: 30.845 GC heap before
{Heap before GC invocations=31 (full 0):
 garbage-first heap   total 160768K, used 127606K [0x00000000a1e00000, 0x0000000100000000)
  region size 1024K, 41 young (41984K), 6 survivors (6144K)
 Metaspace       used 75997K, capacity 76462K, committed 76720K, reserved 1118208K
  class space    used 8220K, capacity 8406K, committed 8448K, reserved 1048576K
}
Event: 30.868 GC heap after
{Heap after GC invocations=32 (full 0):
 garbage-first heap   total 160768K, used 96363K [0x00000000a1e00000, 0x0000000100000000)
  region size 1024K, 5 young (5120K), 5 survivors (5120K)
 Metaspace       used 75997K, capacity 76462K, committed 76720K, reserved 1118208K
  class space    used 8220K, capacity 8406K, committed 8448K, reserved 1048576K
}
Event: 32.317 GC heap before
{Heap before GC invocations=32 (full 0):
 garbage-first heap   total 160768K, used 131179K [0x00000000a1e00000, 0x0000000100000000)
  region size 1024K, 39 young (39936K), 5 survivors (5120K)
 Metaspace       used 79951K, capacity 80430K, committed 80688K, reserved 1122304K
  class space    used 8546K, capacity 8726K, committed 8832K, reserved 1048576K
}
Event: 32.342 GC heap after
{Heap after GC invocations=33 (full 0):
 garbage-first heap   total 160768K, used 100935K [0x00000000a1e00000, 0x0000000100000000)
  region size 1024K, 5 young (5120K), 5 survivors (5120K)
 Metaspace       used 79951K, capacity 80430K, committed 80688K, reserved 1122304K
  class space    used 8546K, capacity 8726K, committed 8832K, reserved 1048576K
}

