# JRE version: OpenJDK Runtime Environment Zulu15.46+17-CA (15.0.10+5) (build 15.0.10+5-MTS)
# Java VM: OpenJDK 64-Bit Server VM Zulu15.46+17-CA (15.0.10+5-MTS, mixed mode, sharing, tiered, compressed oops, g1 gc, windows-amd64)
GC Precious Log:
 CPUs: 4 total, 4 available
 Memory: 6023M
 Large Page Support: Disabled
 NUMA Support: Disabled
 Compressed Oops: Enabled (32-bit)
 Heap Region Size: 1M
 Heap Min Capacity: 8M
 Heap Initial Capacity: 96M
 Heap Max Capacity: 2G
 Pre-touch: Disabled
 Parallel Workers: 4
 Concurrent Workers: 1
 Concurrent Refinement Workers: 4
 Periodic GC: Disabled
Heap:
 garbage-first heap   total 242688K, used 143750K [0x0000000080000000, 0x0000000100000000)
  region size 1024K, 15 young (15360K), 3 survivors (3072K)
 Metaspace       used 61101K, capacity 62171K, committed 62256K, reserved 1103872K
  class space    used 7919K, capacity 8307K, committed 8320K, reserved 1048576K
GC Heap History (20 events):
Event: 25.407 GC heap before
{Heap before GC invocations=22 (full 0):
 garbage-first heap   total 153600K, used 107017K [0x0000000080000000, 0x0000000100000000)
  region size 1024K, 19 young (19456K), 3 survivors (3072K)
 Metaspace       used 40344K, capacity 41184K, committed 41520K, reserved 1085440K
  class space    used 5383K, capacity 5641K, committed 5760K, reserved 1048576K
}
Event: 25.414 GC heap after
{Heap after GC invocations=23 (full 0):
 garbage-first heap   total 153600K, used 93257K [0x0000000080000000, 0x0000000100000000)
  region size 1024K, 2 young (2048K), 2 survivors (2048K)
 Metaspace       used 40344K, capacity 41184K, committed 41520K, reserved 1085440K
  class space    used 5383K, capacity 5641K, committed 5760K, reserved 1048576K
}
Event: 27.302 GC heap before
{Heap before GC invocations=24 (full 0):
 garbage-first heap   total 171008K, used 123977K [0x0000000080000000, 0x0000000100000000)
  region size 1024K, 26 young (26624K), 2 survivors (2048K)
 Metaspace       used 42948K, capacity 43837K, committed 43952K, reserved 1087488K
  class space    used 5787K, capacity 6110K, committed 6144K, reserved 1048576K
}
Event: 27.310 GC heap after
{Heap after GC invocations=25 (full 0):
 garbage-first heap   total 171008K, used 101937K [0x0000000080000000, 0x0000000100000000)
  region size 1024K, 3 young (3072K), 3 survivors (3072K)
 Metaspace       used 42948K, capacity 43837K, committed 43952K, reserved 1087488K
  class space    used 5787K, capacity 6110K, committed 6144K, reserved 1048576K
}
Event: 31.783 GC heap before
{Heap before GC invocations=25 (full 0):
 garbage-first heap   total 171008K, used 132657K [0x0000000080000000, 0x0000000100000000)
  region size 1024K, 33 young (33792K), 3 survivors (3072K)
 Metaspace       used 47704K, capacity 48639K, committed 48816K, reserved 1091584K
  class space    used 6291K, capacity 6596K, committed 6656K, reserved 1048576K
}
Event: 31.794 GC heap after
{Heap after GC invocations=26 (full 0):
 garbage-first heap   total 171008K, used 105731K [0x0000000080000000, 0x0000000100000000)
  region size 1024K, 5 young (5120K), 5 survivors (5120K)
 Metaspace       used 47704K, capacity 48639K, committed 48816K, reserved 1091584K
  class space    used 6291K, capacity 6596K, committed 6656K, reserved 1048576K
}
Event: 38.036 GC heap before
{Heap before GC invocations=27 (full 0):
 garbage-first heap   total 183296K, used 133379K [0x0000000080000000, 0x0000000100000000)
  region size 1024K, 33 young (33792K), 5 survivors (5120K)
 Metaspace       used 51359K, capacity 52275K, committed 52400K, reserved 1095680K
  class space    used 6730K, capacity 7053K, committed 7168K, reserved 1048576K
}
Event: 38.048 GC heap after
{Heap after GC invocations=28 (full 0):
 garbage-first heap   total 183296K, used 107934K [0x0000000080000000, 0x0000000100000000)
  region size 1024K, 2 young (2048K), 2 survivors (2048K)
 Metaspace       used 51359K, capacity 52275K, committed 52400K, reserved 1095680K
  class space    used 6730K, capacity 7053K, committed 7168K, reserved 1048576K
}
Event: 38.182 GC heap before
{Heap before GC invocations=28 (full 0):
 garbage-first heap   total 183296K, used 107934K [0x0000000080000000, 0x0000000100000000)
  region size 1024K, 3 young (3072K), 2 survivors (2048K)
 Metaspace       used 51373K, capacity 52286K, committed 52400K, reserved 1095680K
  class space    used 6731K, capacity 7055K, committed 7168K, reserved 1048576K
}
Event: 38.187 GC heap after
{Heap after GC invocations=29 (full 0):
 garbage-first heap   total 183296K, used 107934K [0x0000000080000000, 0x0000000100000000)
  region size 1024K, 2 young (2048K), 2 survivors (2048K)
 Metaspace       used 51373K, capacity 52286K, committed 52400K, reserved 1095680K
  class space    used 6731K, capacity 7055K, committed 7168K, reserved 1048576K
}
Event: 38.405 GC heap before
{Heap before GC invocations=30 (full 0):
 garbage-first heap   total 184320K, used 108958K [0x0000000080000000, 0x0000000100000000)
  region size 1024K, 3 young (3072K), 2 survivors (2048K)
 Metaspace       used 51377K, capacity 52350K, committed 52656K, reserved 1095680K
  class space    used 6732K, capacity 7055K, committed 7168K, reserved 1048576K
}
Event: 38.408 GC heap after
{Heap after GC invocations=31 (full 0):
 garbage-first heap   total 184320K, used 108958K [0x0000000080000000, 0x0000000100000000)
  region size 1024K, 2 young (2048K), 2 survivors (2048K)
 Metaspace       used 51377K, capacity 52350K, committed 52656K, reserved 1095680K
  class space    used 6732K, capacity 7055K, committed 7168K, reserved 1048576K
}
Event: 38.654 GC heap before
{Heap before GC invocations=32 (full 0):
 garbage-first heap   total 189440K, used 113054K [0x0000000080000000, 0x0000000100000000)
  region size 1024K, 5 young (5120K), 2 survivors (2048K)
 Metaspace       used 51497K, capacity 52566K, committed 52656K, reserved 1095680K
  class space    used 6747K, capacity 7127K, committed 7168K, reserved 1048576K
}
Event: 38.659 GC heap after
{Heap after GC invocations=33 (full 0):
 garbage-first heap   total 189440K, used 112030K [0x0000000080000000, 0x0000000100000000)
  region size 1024K, 3 young (3072K), 3 survivors (3072K)
 Metaspace       used 51497K, capacity 52566K, committed 52656K, reserved 1095680K
  class space    used 6747K, capacity 7127K, committed 7168K, reserved 1048576K
}
Event: 40.895 GC heap before
{Heap before GC invocations=34 (full 0):
 garbage-first heap   total 191488K, used 116126K [0x0000000080000000, 0x0000000100000000)
  region size 1024K, 7 young (7168K), 3 survivors (3072K)
 Metaspace       used 51512K, capacity 52566K, committed 52656K, reserved 1095680K
  class space    used 6749K, capacity 7127K, committed 7168K, reserved 1048576K
}
Event: 40.900 GC heap after
{Heap after GC invocations=35 (full 0):
 garbage-first heap   total 191488K, used 115058K [0x0000000080000000, 0x0000000100000000)
  region size 1024K, 5 young (5120K), 5 survivors (5120K)
 Metaspace       used 51512K, capacity 52566K, committed 52656K, reserved 1095680K
  class space    used 6749K, capacity 7127K, committed 7168K, reserved 1048576K
}
Event: 43.550 GC heap before
{Heap before GC invocations=36 (full 0):
 garbage-first heap   total 204800K, used 157042K [0x0000000080000000, 0x0000000100000000)
  region size 1024K, 42 young (43008K), 5 survivors (5120K)
 Metaspace       used 56356K, capacity 57351K, committed 57648K, reserved 1099776K
  class space    used 7334K, capacity 7691K, committed 7808K, reserved 1048576K
}
Event: 43.566 GC heap after
{Heap after GC invocations=37 (full 0):
 garbage-first heap   total 204800K, used 123007K [0x0000000080000000, 0x0000000100000000)
  region size 1024K, 6 young (6144K), 6 survivors (6144K)
 Metaspace       used 56356K, capacity 57351K, committed 57648K, reserved 1099776K
  class space    used 7334K, capacity 7691K, committed 7808K, reserved 1048576K
}
Event: 44.936 GC heap before
{Heap before GC invocations=37 (full 0):
 garbage-first heap   total 204800K, used 153727K [0x0000000080000000, 0x0000000100000000)
  region size 1024K, 37 young (37888K), 6 survivors (6144K)
 Metaspace       used 61089K, capacity 62165K, committed 62256K, reserved 1103872K
  class space    used 7918K, capacity 8306K, committed 8320K, reserved 1048576K
}
Event: 44.944 GC heap after
{Heap after GC invocations=38 (full 0):
 garbage-first heap   total 204800K, used 126342K [0x0000000080000000, 0x0000000100000000)
  region size 1024K, 3 young (3072K), 3 survivors (3072K)
 Metaspace       used 61089K, capacity 62165K, committed 62256K, reserved 1103872K
  class space    used 7918K, capacity 8306K, committed 8320K, reserved 1048576K
}

